10/12/2014 9:35:47 PM	This log contains information about the import schema operation into project 'THE DATABASE' on computer 'KNM-THINK' by user 'KNM'.
10/12/2014 9:35:47 PM	Import of database schema has started.
10/12/2014 9:35:54 PM	Gathering database options
10/12/2014 9:35:54 PM	Gathering users
10/12/2014 9:35:54 PM	Gathering roles
10/12/2014 9:35:54 PM	Gathering application roles
10/12/2014 9:35:54 PM	Gathering role memberships
10/12/2014 9:35:54 PM	Gathering filegroups
10/12/2014 9:35:54 PM	Gathering full-text catalogs
10/12/2014 9:35:54 PM	Gathering assemblies
10/12/2014 9:35:54 PM	Gathering certificates
10/12/2014 9:35:54 PM	Gathering asymmetric keys
10/12/2014 9:35:54 PM	Gathering symmetric keys
10/12/2014 9:35:54 PM	Gathering encrypted symmetric keys
10/12/2014 9:35:54 PM	Gathering schemas
10/12/2014 9:35:54 PM	Gathering XML schema collections
10/12/2014 9:35:54 PM	Gathering user-defined data types
10/12/2014 9:35:54 PM	Gathering user-defined types
10/12/2014 9:35:54 PM	Gathering table types
10/12/2014 9:35:54 PM	Gathering unique keys for table types
10/12/2014 9:35:54 PM	Gathering primary keys for table types
10/12/2014 9:35:54 PM	Gathering check constraints for table types
10/12/2014 9:35:54 PM	Gathering default constraints for table types
10/12/2014 9:35:54 PM	Gathering partition functions
10/12/2014 9:35:54 PM	Gathering partition schemes
10/12/2014 9:35:54 PM	Gathering functions
10/12/2014 9:35:54 PM	Gathering encrypted functions
10/12/2014 9:35:54 PM	Gathering aggregates
10/12/2014 9:35:54 PM	Gathering procedures
10/12/2014 9:35:54 PM	Gathering encrypted procedures
10/12/2014 9:35:54 PM	Gathering tables
10/12/2014 9:35:54 PM	Gathering primary keys
10/12/2014 9:35:54 PM	Gathering unique constraints
10/12/2014 9:35:54 PM	Gathering foreign keys
10/12/2014 9:35:54 PM	Gathering default constraints
10/12/2014 9:35:54 PM	Gathering check constraints
10/12/2014 9:35:54 PM	Gathering views
10/12/2014 9:35:54 PM	Gathering encrypted views
10/12/2014 9:35:54 PM	Gathering indexes
10/12/2014 9:35:54 PM	Gathering statistics
10/12/2014 9:35:54 PM	Gathering full-text index stoplists
10/12/2014 9:35:54 PM	Gathering search property lists
10/12/2014 9:35:54 PM	Gathering search properties
10/12/2014 9:35:54 PM	Gathering full-text indexes
10/12/2014 9:35:54 PM	Gathering column store indexes
10/12/2014 9:35:54 PM	Gathering spatial indexes
10/12/2014 9:35:54 PM	Gathering XML indexes
10/12/2014 9:35:54 PM	Gathering Selective XML indexes
10/12/2014 9:35:54 PM	Gathering encrypted triggers
10/12/2014 9:35:54 PM	Gathering triggers
10/12/2014 9:35:54 PM	Gathering encrypted and clr ddl triggers
10/12/2014 9:35:54 PM	Gathering ddl triggers
10/12/2014 9:35:54 PM	Gathering synonyms
10/12/2014 9:35:54 PM	Gathering defaults
10/12/2014 9:35:54 PM	Gathering data constraint uddt bindings
10/12/2014 9:35:54 PM	Gathering rules
10/12/2014 9:35:54 PM	Gathering data constraint uddt bindings
10/12/2014 9:35:54 PM	Gathering message types
10/12/2014 9:35:54 PM	Gathering queues
10/12/2014 9:35:54 PM	Gathering contracts
10/12/2014 9:35:54 PM	Gathering services
10/12/2014 9:35:54 PM	Gathering event notifications
10/12/2014 9:35:54 PM	Gathering remote service bindings
10/12/2014 9:35:54 PM	Gathering broker priorities
10/12/2014 9:35:54 PM	Gathering signatures
10/12/2014 9:35:54 PM	Gathering data compression options
10/12/2014 9:35:54 PM	Gathering sequence types
10/12/2014 9:35:54 PM	Gathering extended properties
10/12/2014 9:35:54 PM	Gathering credentials
10/12/2014 9:35:54 PM	Gathering logins
10/12/2014 9:35:54 PM	Gathering server audits
10/12/2014 9:35:55 PM	Scanning project for duplicate elements
10/12/2014 9:35:55 PM	Finished duplicate element processing
10/12/2014 9:35:55 PM	Finished importing database.
10/12/2014 9:35:55 PM	A summary of the import was saved to the following location: c:\users\knm\documents\visual studio 2013\Projects\THE DATABASE\THE DATABASE\Import Schema Logs\THE DATABASE_20141013013547.log
10/12/2014 9:35:55 PM	Click Finish to continue...
